Determining if the pthread_create exist failed with the following output:
Change Dir: /home/shelleco/catkin_ws_zed/build/CMakeFiles/CMakeTmp

Run Build Command:"/usr/bin/make" "cmTC_7f8bd/fast"
/usr/bin/make -f CMakeFiles/cmTC_7f8bd.dir/build.make CMakeFiles/cmTC_7f8bd.dir/build
make[1]: Entering directory '/home/shelleco/catkin_ws_zed/build/CMakeFiles/CMakeTmp'
Building C object CMakeFiles/cmTC_7f8bd.dir/CheckSymbolExists.c.o
/usr/bin/cc    -o CMakeFiles/cmTC_7f8bd.dir/CheckSymbolExists.c.o   -c /home/shelleco/catkin_ws_zed/build/CMakeFiles/CMakeTmp/CheckSymbolExists.c
Linking C executable cmTC_7f8bd
/usr/bin/cmake -E cmake_link_script CMakeFiles/cmTC_7f8bd.dir/link.txt --verbose=1
/usr/bin/cc      -rdynamic CMakeFiles/cmTC_7f8bd.dir/CheckSymbolExists.c.o  -o cmTC_7f8bd 
CMakeFiles/cmTC_7f8bd.dir/CheckSymbolExists.c.o: In function `main':
CheckSymbolExists.c:(.text+0x14): undefined reference to `pthread_create'
CheckSymbolExists.c:(.text+0x18): undefined reference to `pthread_create'
collect2: error: ld returned 1 exit status
CMakeFiles/cmTC_7f8bd.dir/build.make:97: recipe for target 'cmTC_7f8bd' failed
make[1]: *** [cmTC_7f8bd] Error 1
make[1]: Leaving directory '/home/shelleco/catkin_ws_zed/build/CMakeFiles/CMakeTmp'
Makefile:126: recipe for target 'cmTC_7f8bd/fast' failed
make: *** [cmTC_7f8bd/fast] Error 2

File /home/shelleco/catkin_ws_zed/build/CMakeFiles/CMakeTmp/CheckSymbolExists.c:
/* */
#include <pthread.h>

int main(int argc, char** argv)
{
  (void)argv;
#ifndef pthread_create
  return ((int*)(&pthread_create))[argc];
#else
  (void)argc;
  return 0;
#endif
}

Determining if the function pthread_create exists in the pthreads failed with the following output:
Change Dir: /home/shelleco/catkin_ws_zed/build/CMakeFiles/CMakeTmp

Run Build Command:"/usr/bin/make" "cmTC_16d37/fast"
/usr/bin/make -f CMakeFiles/cmTC_16d37.dir/build.make CMakeFiles/cmTC_16d37.dir/build
make[1]: Entering directory '/home/shelleco/catkin_ws_zed/build/CMakeFiles/CMakeTmp'
Building C object CMakeFiles/cmTC_16d37.dir/CheckFunctionExists.c.o
/usr/bin/cc   -DCHECK_FUNCTION_EXISTS=pthread_create   -o CMakeFiles/cmTC_16d37.dir/CheckFunctionExists.c.o   -c /usr/share/cmake-3.10/Modules/CheckFunctionExists.c
Linking C executable cmTC_16d37
/usr/bin/cmake -E cmake_link_script CMakeFiles/cmTC_16d37.dir/link.txt --verbose=1
/usr/bin/cc  -DCHECK_FUNCTION_EXISTS=pthread_create    -rdynamic CMakeFiles/cmTC_16d37.dir/CheckFunctionExists.c.o  -o cmTC_16d37 -lpthreads 
/usr/bin/ld: cannot find -lpthreads
collect2: error: ld returned 1 exit status
CMakeFiles/cmTC_16d37.dir/build.make:97: recipe for target 'cmTC_16d37' failed
make[1]: *** [cmTC_16d37] Error 1
make[1]: Leaving directory '/home/shelleco/catkin_ws_zed/build/CMakeFiles/CMakeTmp'
Makefile:126: recipe for target 'cmTC_16d37/fast' failed
make: *** [cmTC_16d37/fast] Error 2


